TN:
SF:src/components/Avatar/Avatar.tsx
FN:5,generateColor
FN:16,Avatar
FNF:2
FNH:2
FNDA:1,generateColor
FNDA:1,Avatar
DA:1,1
DA:2,1
DA:3,1
DA:4,1
DA:5,1
DA:6,1
DA:7,1
DA:8,1
DA:9,8
DA:10,8
DA:11,1
DA:12,1
DA:13,1
DA:14,1
DA:15,1
DA:16,1
DA:17,1
DA:18,1
DA:19,1
DA:20,1
DA:21,1
DA:22,1
DA:23,1
DA:24,1
DA:25,1
DA:26,1
LF:26
LH:26
BRDA:5,0,0,1
BRDA:8,1,0,8
BRDA:16,2,0,1
BRDA:23,3,0,2
BRF:4
BRH:4
end_of_record
TN:
SF:src/components/Button/Button.tsx
FN:8,Button
FNF:1
FNH:1
FNDA:1,Button
DA:1,1
DA:2,1
DA:3,1
DA:4,1
DA:5,1
DA:6,1
DA:7,1
DA:8,1
DA:9,1
DA:10,1
DA:11,1
DA:12,1
DA:13,1
DA:14,1
DA:15,1
DA:16,1
DA:17,1
LF:17
LH:17
BRDA:8,0,0,1
BRF:1
BRH:1
end_of_record
TN:
SF:src/components/Card/Card.tsx
FN:8,Card
FNF:1
FNH:1
FNDA:1,Card
DA:1,1
DA:2,1
DA:3,1
DA:4,1
DA:5,1
DA:6,1
DA:7,1
DA:8,1
DA:9,1
DA:10,1
DA:11,1
DA:12,1
DA:13,1
DA:14,1
DA:15,1
DA:16,1
LF:16
LH:16
BRDA:8,0,0,1
BRF:1
BRH:1
end_of_record
TN:
SF:src/components/Checkbox/Checkbox.tsx
FN:3,Checkbox
FNF:1
FNH:1
FNDA:17,Checkbox
DA:1,1
DA:2,1
DA:3,1
DA:4,17
DA:5,17
LF:5
LH:5
BRDA:3,0,0,17
BRF:1
BRH:1
end_of_record
TN:
SF:src/components/Control/Control.tsx
FN:9,Control
FNF:1
FNH:1
FNDA:2,Control
DA:1,1
DA:2,1
DA:3,1
DA:4,1
DA:5,1
DA:6,1
DA:7,1
DA:8,1
DA:9,1
DA:10,2
DA:11,2
DA:12,2
DA:13,2
DA:14,2
DA:15,2
DA:16,2
DA:17,2
DA:18,2
DA:19,2
DA:20,2
DA:21,2
DA:22,2
DA:23,2
DA:24,2
DA:25,2
DA:26,2
DA:27,2
DA:28,2
DA:29,2
DA:30,2
DA:31,2
DA:32,2
DA:33,2
DA:34,2
DA:35,2
DA:36,2
DA:37,2
DA:38,2
DA:39,2
DA:40,2
DA:41,2
DA:42,2
DA:43,2
DA:44,2
DA:45,14
DA:46,14
DA:47,14
DA:48,14
DA:49,14
DA:50,14
DA:51,14
DA:52,2
DA:53,2
DA:54,2
DA:55,2
LF:55
LH:55
BRDA:9,0,0,2
BRDA:44,1,0,14
BRF:2
BRH:2
end_of_record
TN:
SF:src/components/PaymentStatusTag/PaymentStatusTag.tsx
FN:13,PaymentStatusTag
FNF:1
FNH:1
FNDA:4,PaymentStatusTag
DA:1,1
DA:2,1
DA:3,1
DA:4,1
DA:5,1
DA:6,1
DA:7,1
DA:8,1
DA:9,1
DA:10,1
DA:11,1
DA:12,1
DA:13,1
DA:14,4
DA:15,4
DA:16,4
DA:17,4
DA:18,4
DA:19,4
DA:20,4
DA:21,4
DA:22,4
DA:23,4
DA:24,4
DA:25,4
LF:25
LH:25
BRDA:3,0,0,1
BRDA:13,1,0,4
BRF:2
BRH:2
end_of_record
TN:
SF:src/components/Popover/Popover.tsx
FN:10,Popover
FN:15,handleClickOutside
FN:19,openPopover
FNF:3
FNH:3
FNDA:6,Popover
FNDA:1,handleClickOutside
FNDA:2,openPopover
DA:1,1
DA:2,1
DA:3,1
DA:4,1
DA:5,1
DA:6,1
DA:7,1
DA:8,1
DA:9,1
DA:10,1
DA:11,6
DA:12,6
DA:13,6
DA:14,6
DA:15,6
DA:16,1
DA:17,1
DA:18,6
DA:19,6
DA:20,2
DA:21,2
DA:22,6
DA:23,6
DA:24,6
DA:25,6
DA:26,6
DA:27,6
DA:28,6
DA:29,6
DA:30,6
DA:31,6
DA:32,6
DA:33,6
DA:34,6
LF:34
LH:34
BRDA:10,0,0,6
BRDA:15,1,0,1
BRDA:19,2,0,2
BRF:3
BRH:3
end_of_record
TN:
SF:src/components/Search/Search.tsx
FN:6,Search
FNF:1
FNH:1
FNDA:2,Search
DA:1,1
DA:2,1
DA:3,1
DA:4,1
DA:5,1
DA:6,1
DA:7,2
DA:8,2
DA:9,2
DA:10,2
DA:11,2
DA:12,2
DA:13,2
DA:14,2
DA:15,2
DA:16,2
DA:17,2
DA:18,2
DA:19,2
DA:20,2
LF:20
LH:20
BRDA:6,0,0,2
BRF:1
BRH:1
end_of_record
TN:
SF:src/components/Table/Table.tsx
FN:22,Table
FN:36,handleSelect
FN:44,handelSelectAll
FN:52,onSort
FN:90,onClick
FN:110,onChange
FNF:6
FNH:5
FNDA:6,Table
FNDA:2,handleSelect
FNDA:0,handelSelectAll
FNDA:1,onSort
FNDA:1,onClick
FNDA:2,onChange
DA:1,1
DA:2,1
DA:3,1
DA:4,1
DA:5,1
DA:6,1
DA:7,1
DA:8,1
DA:9,1
DA:10,1
DA:11,1
DA:12,1
DA:13,1
DA:14,1
DA:15,1
DA:16,1
DA:17,1
DA:18,1
DA:19,1
DA:20,1
DA:21,1
DA:22,6
DA:23,6
DA:24,6
DA:25,6
DA:26,6
DA:27,6
DA:28,6
DA:29,6
DA:30,6
DA:31,6
DA:32,6
DA:33,6
DA:34,6
DA:35,6
DA:36,6
DA:37,2
DA:38,2
DA:39,2
DA:40,0
DA:41,0
DA:42,2
DA:43,6
DA:44,6
DA:45,0
DA:46,0
DA:47,0
DA:48,0
DA:49,0
DA:50,0
DA:51,6
DA:52,6
DA:53,1
DA:54,0
DA:55,0
DA:56,0
DA:57,0
DA:58,1
DA:59,1
DA:60,1
DA:61,1
DA:62,1
DA:63,1
DA:64,1
DA:65,6
DA:66,6
DA:67,5
DA:68,1
DA:69,1
DA:70,5
DA:71,0
DA:72,0
DA:73,4
DA:74,6
DA:75,6
DA:76,6
DA:77,6
DA:78,6
DA:79,6
DA:80,6
DA:81,6
DA:82,6
DA:83,6
DA:84,10
DA:85,10
DA:86,10
DA:87,10
DA:88,10
DA:89,10
DA:90,10
DA:91,10
DA:92,10
DA:93,10
DA:94,10
DA:95,10
DA:96,10
DA:97,6
DA:98,6
DA:99,6
DA:100,6
DA:101,6
DA:102,6
DA:103,10
DA:104,10
DA:105,10
DA:106,10
DA:107,10
DA:108,10
DA:109,10
DA:110,10
DA:111,10
DA:112,10
DA:113,20
DA:114,20
DA:115,20
DA:116,10
DA:117,10
DA:118,6
DA:119,6
DA:120,6
DA:121,6
DA:122,6
DA:123,6
DA:124,1
DA:125,1
LF:125
LH:111
BRDA:22,0,0,6
BRDA:34,1,0,1
BRDA:34,2,0,4
BRDA:120,3,0,1
BRDA:36,4,0,2
BRDA:39,5,0,0
BRDA:52,6,0,1
BRDA:53,7,0,0
BRDA:66,8,0,5
BRDA:67,9,0,1
BRDA:68,10,0,0
BRDA:69,11,0,4
BRDA:70,12,0,0
BRDA:72,13,0,4
BRDA:83,14,0,10
BRDA:94,15,0,5
BRDA:90,16,0,1
BRDA:102,17,0,10
BRDA:110,18,0,2
BRDA:112,19,0,20
BRDA:114,20,0,0
BRF:21
BRH:16
end_of_record
TN:
SF:src/components/Tooltip/Tooltip.tsx
FN:6,Tooltip
FNF:1
FNH:1
FNDA:14,Tooltip
DA:1,1
DA:2,1
DA:3,1
DA:4,1
DA:5,1
DA:6,14
DA:7,14
DA:8,14
DA:9,14
DA:10,14
DA:11,14
DA:12,14
DA:13,14
DA:14,14
DA:15,14
DA:16,14
DA:17,14
DA:18,14
DA:19,14
DA:20,14
DA:21,14
DA:22,14
LF:22
LH:22
BRDA:6,0,0,14
BRF:1
BRH:1
end_of_record
TN:
SF:src/hooks/useClickOutSide.ts
FN:5,useOnClickOutside
FN:11,callback
FNF:2
FNH:2
FNDA:8,useOnClickOutside
FNDA:2,callback
DA:1,1
DA:2,1
DA:3,1
DA:4,1
DA:5,1
DA:6,8
DA:7,8
DA:8,8
DA:9,8
DA:10,8
DA:11,5
DA:12,2
DA:13,2
DA:14,0
DA:15,0
DA:16,2
DA:17,2
DA:18,2
DA:19,5
DA:20,5
DA:21,5
DA:22,5
DA:23,5
DA:24,5
DA:25,8
DA:26,8
LF:26
LH:24
BRDA:5,0,0,8
BRDA:10,1,0,5
BRDA:11,2,0,2
BRDA:13,3,0,0
BRDA:22,4,0,5
BRF:5
BRH:4
end_of_record
TN:
SF:src/utils/money.ts
FN:1,formatMoney
FNF:1
FNH:1
FNDA:3,formatMoney
DA:1,1
DA:2,3
DA:3,3
DA:4,3
DA:5,3
DA:6,3
DA:7,3
LF:7
LH:7
BRDA:1,0,0,3
BRF:1
BRH:1
end_of_record
